# JRE version: Java(TM) SE Runtime Environment (7.0_79-b15) (build 1.7.0_79-b15)
# Java VM: Java HotSpot(TM) 64-Bit Server VM (24.79-b02 mixed mode bsd-amd64 compressed oops)
Heap
 PSYoungGen      total 38912K, used 26321K [0x0000000139600000, 0x000000013e200000, 0x000000014eb80000)
  eden space 33792K, 62% used [0x0000000139600000,0x000000013aabb8e0,0x000000013b700000)
  from space 5120K, 99% used [0x000000013bc00000,0x000000013c0f8bb0,0x000000013c100000)
  to   space 5120K, 0% used [0x000000013b700000,0x000000013b700000,0x000000013bc00000)
 ParOldGen       total 87040K, used 6758K [0x000000010eb80000, 0x0000000114080000, 0x0000000139600000)
  object space 87040K, 7% used [0x000000010eb80000,0x000000010f219ad8,0x0000000114080000)
 PSPermGen       total 21504K, used 6076K [0x0000000109980000, 0x000000010ae80000, 0x000000010eb80000)
  object space 21504K, 28% used [0x0000000109980000,0x0000000109f6f380,0x000000010ae80000)
GC Heap History (4 events):
Event: 3.565 GC heap before
{Heap before GC invocations=1 (full 0):
 PSYoungGen      total 38912K, used 33792K [0x0000000139600000, 0x000000013c100000, 0x000000014eb80000)
  eden space 33792K, 100% used [0x0000000139600000,0x000000013b700000,0x000000013b700000)
  from space 5120K, 0% used [0x000000013bc00000,0x000000013bc00000,0x000000013c100000)
  to   space 5120K, 0% used [0x000000013b700000,0x000000013b700000,0x000000013bc00000)
 ParOldGen       total 87040K, used 0K [0x000000010eb80000, 0x0000000114080000, 0x0000000139600000)
  object space 87040K, 0% used [0x000000010eb80000,0x000000010eb80000,0x0000000114080000)
 PSPermGen       total 21504K, used 5815K [0x0000000109980000, 0x000000010ae80000, 0x000000010eb80000)
  object space 21504K, 27% used [0x0000000109980000,0x0000000109f2deb0,0x000000010ae80000)
Event: 3.594 GC heap after
Heap after GC invocations=1 (full 0):
 PSYoungGen      total 38912K, used 5111K [0x0000000139600000, 0x000000013c100000, 0x000000014eb80000)
  eden space 33792K, 0% used [0x0000000139600000,0x0000000139600000,0x000000013b700000)
  from space 5120K, 99% used [0x000000013b700000,0x000000013bbfdc88,0x000000013bc00000)
  to   space 5120K, 0% used [0x000000013bc00000,0x000000013bc00000,0x000000013c100000)
 ParOldGen       total 87040K, used 1605K [0x000000010eb80000, 0x0000000114080000, 0x0000000139600000)
  object space 87040K, 1% used [0x000000010eb80000,0x000000010ed114d8,0x0000000114080000)
 PSPermGen       total 21504K, used 5815K [0x0000000109980000, 0x000000010ae80000, 0x000000010eb80000)
  object space 21504K, 27% used [0x0000000109980000,0x0000000109f2deb0,0x000000010ae80000)
}
Event: 5.532 GC heap before
{Heap before GC invocations=2 (full 0):
 PSYoungGen      total 38912K, used 38903K [0x0000000139600000, 0x000000013c100000, 0x000000014eb80000)
  eden space 33792K, 100% used [0x0000000139600000,0x000000013b700000,0x000000013b700000)
  from space 5120K, 99% used [0x000000013b700000,0x000000013bbfdc88,0x000000013bc00000)
  to   space 5120K, 0% used [0x000000013bc00000,0x000000013bc00000,0x000000013c100000)
 ParOldGen       total 87040K, used 1605K [0x000000010eb80000, 0x0000000114080000, 0x0000000139600000)
  object space 87040K, 1% used [0x000000010eb80000,0x000000010ed114d8,0x0000000114080000)
 PSPermGen       total 21504K, used 5891K [0x0000000109980000, 0x000000010ae80000, 0x000000010eb80000)
  object space 21504K, 27% used [0x0000000109980000,0x0000000109f40f58,0x000000010ae80000)
Event: 5.562 GC heap after
Heap after GC invocations=2 (full 0):
 PSYoungGen      total 38912K, used 5090K [0x0000000139600000, 0x000000013e200000, 0x000000014eb80000)
  eden space 33792K, 0% used [0x0000000139600000,0x0000000139600000,0x000000013b700000)
  from space 5120K, 99% used [0x000000013bc00000,0x000000013c0f8bb0,0x000000013c100000)
  to   space 5120K, 0% used [0x000000013b700000,0x000000013b700000,0x000000013bc00000)
 ParOldGen       total 87040K, used 6758K [0x000000010eb80000, 0x0000000114080000, 0x0000000139600000)
  object space 87040K, 7% used [0x000000010eb80000,0x000000010f219ad8,0x0000000114080000)
 PSPermGen       total 21504K, used 5891K [0x0000000109980000, 0x000000010ae80000, 0x000000010eb80000)
  object space 21504K, 27% used [0x0000000109980000,0x0000000109f40f58,0x000000010ae80000)
}

